Microsoft HTML Help Compiler 4.73.8198

Compiling c:\Shital\Progs\Visual Music\Help\Visual Music.chm

starthere.htm
whatsvisualmusicallabout.htm
whatisnoteoctaveandblablabla.htm
learntousevisualmusicin5min.htm
mscriptprogrammingsuperquickguide.htm
visualmusicfaq.htm
featuresandfunctionality.htm
usingkeyboard.htm
usinginstrumentselector.htm
usingmscripteditor.htm
usingothercontrols.htm
fileoperations.htm
tips.htm
futureenhancements.htm
keyboardshortcuts.htm
requiredfiles.html
systemrequirements.html
mscriptreference.htm
whatismscript.htm
mscriptfeatures.htm
mscriptsyntexoverview.htm
simplemscriptcommands.htm
mscriptcodingstandard.htm
mcmdexit.htm
mcmdif.htm
mcmdinstrument.htm
mcmdjump.htm
mcmdlabel.htm
mcmdmath.htm
mcmdnop.htm
mcmdnote.htm
mcmdnote_interval.htm
mcmdnote_on.htm
mcmdnotebyname.htm
mcmdoctave.htm
mcmdpan.htm
mcmdpause.htm
mcmdplay.htm
mcmdprint.htm
mcmdrandom.htm
mcmdrelease.htm
mcmdset.htm
mcmdsilence.htm
mcmdsilence_interval.htm
mcmdstop.htm
mcmdtempo.htm
mcmdvolume.htm
mcmdwait_for.htm
timinginmscript.htm
mscriptsamples.htm
mscriptfileformate.htm
developerrefrence.htm
extendingvisualmusic.htm
visualmusicobjectmodel.htm
visualmusicactivexcontrols.htm
visualmusicddecommands.htm
visualmusiccommandlineparameters.htm
midiprogramming.htm
opensourcedevelopment.htm
about.htm
opensourcedevelopement.html
visualmusic.jpg
mscripteditor.jpg
vmusic.css

Compile time: 0 minutes, 6 seconds
61	Topics
79	Local links
6	Internet links
2	Graphics


Created c:\Shital\Progs\Visual Music\Help\Visual Music.chm, 77,095 bytes
Compression decreased file by 64,700 bytes.
Microsoft HTML Help Compiler 4.73.8198

Compiling c:\Shital\Progs\Visual Music\Help\Visual Music.chm

starthere.htm
whatsvisualmusicallabout.htm
whatisnoteoctaveandblablabla.htm
learntousevisualmusicin5min.htm
mscriptprogrammingsuperquickguide.htm
visualmusicfaq.htm
featuresandfunctionality.htm
usingkeyboard.htm
usinginstrumentselector.htm
usingmscripteditor.htm
usingothercontrols.htm
fileoperations.htm
tips.htm
futureenhancements.htm
keyboardshortcuts.htm
requiredfiles.html
systemrequirements.html
mscriptreference.htm
whatismscript.htm
mscriptfeatures.htm
mscriptsyntexoverview.htm
simplemscriptcommands.htm
mscriptcodingstandard.htm
mcmdexit.htm
mcmdif.htm
mcmdinstrument.htm
mcmdjump.htm
mcmdlabel.htm
mcmdmath.htm
mcmdnop.htm
mcmdnote.htm
mcmdnote_interval.htm
mcmdnote_on.htm
mcmdnotebyname.htm
mcmdoctave.htm
mcmdpan.htm
mcmdpause.htm
mcmdplay.htm
mcmdprint.htm
mcmdrandom.htm
mcmdrelease.htm
mcmdset.htm
mcmdsilence.htm
mcmdsilence_interval.htm
mcmdstop.htm
mcmdtempo.htm
mcmdvolume.htm
mcmdwait_for.htm
timinginmscript.htm
mscriptsamples.htm
mscriptfileformate.htm
developerrefrence.htm
extendingvisualmusic.htm
visualmusicobjectmodel.htm
visualmusicactivexcontrols.htm
visualmusicddecommands.htm
visualmusiccommandlineparameters.htm
midiprogramming.htm
opensourcedevelopment.htm
about.htm
opensourcedevelopement.html
visualmusic.jpg
mscripteditor.jpg
vmusic.css

Compile time: 0 minutes, 5 seconds
61	Topics
79	Local links
6	Internet links
2	Graphics


Created c:\Shital\Progs\Visual Music\Help\Visual Music.chm, 77,149 bytes
Compression decreased file by 64,656 bytes.
HHC5010: Error: Cannot open "c:\Shital\Progs\Visual Music\Help\Visual Music.chm". Compilation stopped.
HHC5010: Error: Cannot open "c:\Shital\Progs\Visual Music\Help\Visual Music.chm". Compilation stopped.
Microsoft HTML Help Compiler 4.73.8198

Compiling c:\Shital\Progs\Visual Music\Help\Visual Music.chm

starthere.htm
whatsvisualmusicallabout.htm
whatisnoteoctaveandblablabla.htm
learntousevisualmusicin5min.htm
mscriptprogrammingsuperquickguide.htm
visualmusicfaq.htm
featuresandfunctionality.htm
usingkeyboard.htm
usinginstrumentselector.htm
usingmscripteditor.htm
usingothercontrols.htm
fileoperations.htm
tips.htm
futureenhancements.htm
keyboardshortcuts.htm
requiredfiles.html
systemrequirements.html
mscriptreference.htm
whatismscript.htm
mscriptfeatures.htm
mscriptsyntexoverview.htm
simplemscriptcommands.htm
mscriptcodingstandard.htm
mcmdexit.htm
mcmdif.htm
mcmdinstrument.htm
mcmdjump.htm
mcmdlabel.htm
mcmdmath.htm
mcmdnop.htm
mcmdnote.htm
mcmdnote_interval.htm
mcmdnote_on.htm
mcmdnotebyname.htm
mcmdoctave.htm
mcmdpan.htm
mcmdpause.htm
mcmdplay.htm
mcmdprint.htm
mcmdrandom.htm
mcmdrelease.htm
mcmdset.htm
mcmdsilence.htm
mcmdsilence_interval.htm
mcmdstop.htm
mcmdtempo.htm
mcmdvolume.htm
mcmdwait_for.htm
timinginmscript.htm
mscriptsamples.htm
mscriptfileformate.htm
developerrefrence.htm
extendingvisualmusic.htm
visualmusicobjectmodel.htm
visualmusicactivexcontrols.htm
visualmusicddecommands.htm
visualmusiccommandlineparameters.htm
midiprogramming.htm
opensourcedevelopment.htm
about.htm
opensourcedevelopement.html
visualmusic.jpg
mscripteditor.jpg
vmusic.css

Compile time: 0 minutes, 5 seconds
61	Topics
79	Local links
6	Internet links
2	Graphics


Created c:\Shital\Progs\Visual Music\Help\Visual Music.chm, 77,141 bytes
Compression decreased file by 64,674 bytes.
